{
  "RSpec": {
    "coverage": {
      "/Users/Oliver/Desktop/DBCForum/app/helpers/application_helper.rb": [
        1,
        null,
        1,
        4,
        4,
        null,
        null,
        0,
        null,
        null,
        1,
        0,
        0,
        0,
        null,
        null,
        null,
        null
      ],
      "/Users/Oliver/Desktop/DBCForum/app/controllers/answers_controller.rb": [
        1,
        1,
        2,
        2,
        null,
        null
      ],
      "/Users/Oliver/Desktop/DBCForum/app/controllers/application_controller.rb": [
        1,
        null,
        null,
        1,
        1,
        null
      ],
      "/Users/Oliver/Desktop/DBCForum/app/controllers/questions_controller.rb": [
        1,
        null,
        1,
        8,
        6,
        null,
        2,
        2,
        null,
        null,
        null,
        1,
        4,
        null,
        4,
        2,
        null,
        2,
        null,
        null,
        null,
        1,
        1,
        0,
        null,
        1,
        null,
        null,
        null,
        null,
        null,
        null,
        null,
        null
      ],
      "/Users/Oliver/Desktop/DBCForum/app/controllers/sessions_controller.rb": [
        1,
        null,
        1,
        5,
        null,
        null,
        1,
        3,
        3,
        null,
        null,
        1,
        5,
        5,
        4,
        4,
        4,
        null,
        1,
        1,
        null,
        null,
        null,
        1,
        2,
        2,
        null,
        null,
        null
      ],
      "/Users/Oliver/Desktop/DBCForum/app/controllers/users_controller.rb": [
        1,
        null,
        null,
        1,
        3,
        null,
        null,
        1,
        3,
        3,
        null,
        3,
        2,
        2,
        2,
        null,
        1,
        1,
        null,
        null,
        null,
        null,
        null,
        null,
        null,
        1,
        10,
        null,
        null,
        1,
        3,
        null,
        null,
        1,
        5,
        5,
        5,
        3,
        null,
        2,
        2,
        null,
        null,
        null
      ],
      "/Users/Oliver/Desktop/DBCForum/app/models/answer.rb": [
        1,
        1,
        null,
        1,
        1,
        null
      ],
      "/Users/Oliver/Desktop/DBCForum/app/models/question.rb": [
        1,
        1,
        1,
        null,
        1,
        null,
        1,
        1,
        1,
        null,
        null
      ],
      "/Users/Oliver/Desktop/DBCForum/app/models/user.rb": [
        1,
        null,
        1,
        null,
        1,
        null,
        1,
        1,
        1,
        null,
        1,
        null
      ],
      "/Users/Oliver/Desktop/DBCForum/app/models/vote.rb": [
        1,
        1,
        1,
        null
      ]
    },
    "timestamp": 1385248259
  }
}
