{
  "RSpec": {
    "coverage": {
      "/Users/apprentice/Desktop/DBC_forum/app/helpers/application_helper.rb": [
        1,
        null
      ],
      "/Users/apprentice/Desktop/DBC_forum/app/controllers/users_controller.rb": [
        1,
        null,
        null,
        1,
        0,
        null,
        null,
        1,
        1,
        1,
        1,
        1,
        1,
        1,
        1,
        null,
        0,
        0,
        null,
        null,
        null,
        null,
        null,
        null,
        null,
        1,
        2,
        null,
        null,
        1,
        2,
        null,
        null,
        1,
        4,
        4,
        4,
        null,
        2,
        null,
        null,
        2,
        2,
        2,
        2,
        2,
        null,
        null,
        null
      ],
      "/Users/apprentice/Desktop/DBC_forum/app/controllers/application_controller.rb": [
        1,
        null,
        null,
        1,
        null
      ],
      "/Users/apprentice/Desktop/DBC_forum/app/models/user.rb": [
        null,
        null,
        1,
        null,
        1,
        null,
        1,
        null,
        1,
        1,
        1,
        null,
        1,
        null,
        null
      ]
    },
    "timestamp": 1385151909
  }
}
